<?xml version="1.0" encoding="UTF-8"?>
<testsuite name="TestSuite" time="29.317" tests="2" errors="0" skipped="1" failures="1">
  <properties>
[...]
</properties>
  <testcase name="launchApp" classname="test.TestAppium" time="29.317">
    <failure message="A new session could not be created. (Original error: Could not find a connected Android device.) (WARNING: The server did not provide any stacktrace information)&#10;Command duration or timeout: 28.00 seconds&#10;Build info: version: &apos;2.52.0&apos;, revision: &apos;4c2593cfc3689a7fcd7be52549167e5ccc93ad28&apos;, time: &apos;2016-02-11 11:22:43&apos;&#10;System info: host: &apos;ISILBLRDT10029&apos;, ip: &apos;10.99.68.143&apos;, os.name: &apos;Windows 7&apos;, os.arch: &apos;amd64&apos;, os.version: &apos;6.1&apos;, java.version: &apos;1.8.0_101&apos;&#10;Driver info: io.appium.java_client.android.AndroidDriver" type="org.openqa.selenium.SessionNotCreatedException"><![CDATA[org.openqa.selenium.SessionNotCreatedException: A new session could not be created. (Original error: Could not find a connected Android device.) (WARNING: The server did not provide any stacktrace information)
Command duration or timeout: 28.00 seconds
Build info: version: '2.52.0', revision: '4c2593cfc3689a7fcd7be52549167e5ccc93ad28', time: '2016-02-11 11:22:43'
System info: host: 'ISILBLRDT10029', ip: '10.99.68.143', os.name: 'Windows 7', os.arch: 'amd64', os.version: '6.1', java.version: '1.8.0_101'
Driver info: io.appium.java_client.android.AndroidDriver
	at sun.reflect.NativeConstructorAccessorImpl.newInstance0(Native Method)
	at sun.reflect.NativeConstructorAccessorImpl.newInstance(NativeConstructorAccessorImpl.java:62)
	at sun.reflect.DelegatingConstructorAccessorImpl.newInstance(DelegatingConstructorAccessorImpl.java:45)
	at java.lang.reflect.Constructor.newInstance(Constructor.java:423)
	at org.openqa.selenium.remote.ErrorHandler.createThrowable(ErrorHandler.java:206)
	at org.openqa.selenium.remote.ErrorHandler.throwIfResponseFailed(ErrorHandler.java:158)
	at org.openqa.selenium.remote.RemoteWebDriver.execute(RemoteWebDriver.java:678)
	at io.appium.java_client.AppiumDriver.execute(AppiumDriver.java:180)
	at org.openqa.selenium.remote.RemoteWebDriver.startSession(RemoteWebDriver.java:249)
	at org.openqa.selenium.remote.RemoteWebDriver.<init>(RemoteWebDriver.java:131)
	at org.openqa.selenium.remote.RemoteWebDriver.<init>(RemoteWebDriver.java:158)
	at io.appium.java_client.AppiumDriver.<init>(AppiumDriver.java:109)
	at io.appium.java_client.android.AndroidDriver.<init>(AndroidDriver.java:39)
	at test.PropertyFile.setup(PropertyFile.java:34)
	at test.TestAppium.launchApp(TestAppium.java:49)
]]></failure>
    <system-err>Feb 03, 2017 3:10:33 AM org.bridj.BridJ log
INFO: Registering type org.sikuli.util.SysJNA$WinKernel32
Feb 03, 2017 3:10:33 AM org.bridj.BridJ log
INFO: Registering type org.bridj.TimeT
Feb 03, 2017 3:10:33 AM org.bridj.BridJ log
INFO: Registering type org.bridj.TimeT$timeval_customizer
Feb 03, 2017 3:10:33 AM org.bridj.BridJ log
INFO: Registering type org.bridj.StructIO$DefaultCustomizer
Feb 03, 2017 3:10:33 AM org.bridj.BridJ log
INFO: Registering type org.bridj.TimeT$timeval
Feb 03, 2017 3:10:33 AM org.bridj.BridJ log
INFO: Registering type org.bridj.StructObject
Feb 03, 2017 3:10:33 AM org.bridj.BridJ log
INFO: Registering type org.bridj.NativeObject
Feb 03, 2017 3:10:33 AM org.bridj.BridJ log
INFO: Registering type org.bridj.AbstractIntegral
Feb 03, 2017 3:10:33 AM org.bridj.BridJ log
INFO: Registering type java.lang.Number
log4j:WARN No appenders could be found for logger (org.apache.http.client.protocol.RequestAddCookies).
log4j:WARN Please initialize the log4j system properly.
</system-err>
  </testcase>
  <testcase name="Ftue" classname="test.TestAppium" time="0">
    <skipped/>
  </testcase>
</testsuite>