<?xml version="1.0" encoding="UTF-8"?>
<!-- Generated by org.testng.reporters.JUnitXMLReporter -->
<testsuite hostname="ISILBLRDT10029" name="Test" tests="1" failures="1" timestamp="2 Feb 2017 21:50:04 GMT" time="453.778" errors="0">
  <testcase name="Ftue" time="453.768" classname="test.TestAppium">
    <failure type="org.sikuli.script.FindFailed" message="can not find D:/Wanka project/New Images/progression images/after_close in S(0)[0,0 1680x1050]">
      <![CDATA[FindFailed: can not find D:/Wanka project/New Images/progression images/after_close in S(0)[0,0 1680x1050]
  Line 2189, in file Region.java

	at org.sikuli.script.Region.handleFindFailedShowDialog(Region.java:2189)
	at org.sikuli.script.Region.handleFindFailed(Region.java:2134)
	at org.sikuli.script.Region.wait(Region.java:2546)
	at test.GenericClass.progresion(GenericClass.java:229)
	at test.TestAppium.Ftue(TestAppium.java:387)
... Removed 33 stack frames]]>
    </failure>
  </testcase> <!-- Ftue -->
</testsuite> <!-- Test -->
