<?xml version="1.0" encoding="UTF-8"?>
<!-- Generated by org.testng.reporters.JUnitXMLReporter -->
<testsuite hostname="ISILBLRDT10029" name="Test" tests="1" failures="1" timestamp="23 Jan 2017 20:21:31 GMT" time="3.344" errors="0">
  <testcase name="Ftue" time="3.333" classname="test.TestAppium">
    <failure type="org.sikuli.script.FindFailed" message="can not find D:/Wanka project/New Images/lobby2Room1/lobby2room1_entry.png in S(0)[0,0 1680x1050]">
      <![CDATA[FindFailed: can not find D:/Wanka project/New Images/lobby2Room1/lobby2room1_entry.png in S(0)[0,0 1680x1050]
  Line 2189, in file Region.java

	at org.sikuli.script.Region.handleFindFailedShowDialog(Region.java:2189)
	at org.sikuli.script.Region.handleFindFailed(Region.java:2134)
	at org.sikuli.script.Region.wait(Region.java:2546)
	at org.sikuli.script.Region.find(Region.java:2205)
	at test.TestAppium.Ftue(TestAppium.java:348)
... Removed 33 stack frames]]>
    </failure>
  </testcase> <!-- Ftue -->
</testsuite> <!-- Test -->
